<?xml version="1.0" encoding="UTF-8"?>
<!-- Generated by org.testng.reporters.JUnitReportReporter -->
<testsuite skipped="0" hostname="DESKTOP-LFLVMEF" name="testCases.CreateAProduct" tests="1" failures="0" timestamp="2022-03-27T12:42:13 CDT" time="2.317" errors="0">
  <testcase name="createAProduct" time="2.317" classname="testCases.CreateAProduct"/>
  <system-out/>
</testsuite> <!-- testCases.CreateAProduct -->
