<?xml version="1.0" encoding="UTF-8"?>
<!-- Generated by org.testng.reporters.JUnitReportReporter -->
<testsuite skipped="0" hostname="DESKTOP-LFLVMEF" name="testCases.UpdateAProduct" tests="1" failures="0" timestamp="2022-03-27T12:44:20 CDT" time="2.369" errors="0">
  <testcase name="deleteAProduct" time="2.369" classname="testCases.UpdateAProduct"/>
  <system-out/>
</testsuite> <!-- testCases.UpdateAProduct -->
