<?xml version="1.0" encoding="UTF-8"?>
<!-- Generated by org.testng.reporters.JUnitReportReporter -->
<testsuite skipped="0" hostname="DESKTOP-LFLVMEF" name="testCases.ReadAProduct" tests="1" failures="0" timestamp="2022-03-27T12:41:25 CDT" time="2.425" errors="0">
  <testcase name="readAProduct" time="2.425" classname="testCases.ReadAProduct"/>
  <system-out/>
</testsuite> <!-- testCases.ReadAProduct -->
