<?xml version="1.0" encoding="UTF-8"?>
<!-- Generated by org.testng.reporters.JUnitReportReporter -->
<testsuite skipped="0" hostname="DESKTOP-LFLVMEF" name="testCases.ReadAllProducts" tests="1" failures="0" timestamp="2022-03-27T12:39:54 CDT" time="3.047" errors="0">
  <testcase name="readAllProducts" time="3.047" classname="testCases.ReadAllProducts"/>
  <system-out/>
</testsuite> <!-- testCases.ReadAllProducts -->
