<?xml version="1.0" encoding="UTF-8"?>
<!-- Generated by org.testng.reporters.JUnitReportReporter -->
<testsuite skipped="0" hostname="DESKTOP-LFLVMEF" name="readAllProducts.ReadAllProducts" tests="1" failures="0" timestamp="2022-03-19T08:58:21 CDT" time="4.691" errors="0">
  <testcase name="readAllProducts" time="4.691" classname="readAllProducts.ReadAllProducts"/>
  <system-out/>
</testsuite> <!-- readAllProducts.ReadAllProducts -->
