<?xml version="1.0" encoding="UTF-8"?>
<!-- Generated by org.testng.reporters.JUnitReportReporter -->
<testsuite skipped="0" hostname="DESKTOP-LFLVMEF" name="readAProducts.ReadAProducts" tests="1" failures="0" timestamp="2022-03-27T10:28:48 CDT" time="2.467" errors="0">
  <testcase name="readAProducts" time="2.467" classname="readAProducts.ReadAProducts"/>
  <system-out/>
</testsuite> <!-- readAProducts.ReadAProducts -->
