<?xml version="1.0" encoding="UTF-8"?>
<!-- Generated by org.testng.reporters.JUnitReportReporter -->
<testsuite skipped="0" hostname="DESKTOP-LFLVMEF" name="testCases.DeleteAProduct" tests="1" failures="0" timestamp="2022-03-27T12:45:03 CDT" time="2.350" errors="0">
  <testcase name="deleteAProduct" time="2.350" classname="testCases.DeleteAProduct"/>
  <system-out/>
</testsuite> <!-- testCases.DeleteAProduct -->
